[2025-12-13T19:36:46.005+0000] {manager.py:470} INFO - Processing files using up to 2 processes at a time 
[2025-12-13T19:36:46.007+0000] {manager.py:471} INFO - Process each file at most once every 30 seconds
[2025-12-13T19:36:46.009+0000] {manager.py:472} INFO - Checking for new files in /opt/airflow/dags every 300 seconds
[2025-12-13T19:36:46.010+0000] {manager.py:737} INFO - Searching for files in /opt/airflow/dags
[2025-12-13T19:36:46.056+0000] {manager.py:740} INFO - There are 1 files in /opt/airflow/dags
[2025-12-13T19:36:46.179+0000] {manager.py:1016} ERROR - Processor for /opt/airflow/dags/train_pipeline.py exited with return code 1.
[2025-12-13T19:36:46.183+0000] {manager.py:878} INFO - 
================================================================================
DAG File Processing Stats

File Path                            PID    Runtime      # DAGs    # Errors  Last Runtime    Last Run
-----------------------------------  -----  ---------  --------  ----------  --------------  -------------------
/opt/airflow/dags/train_pipeline.py                           0          -1  0.05s           2025-12-13T19:36:46
================================================================================
[2025-12-13T19:37:16.454+0000] {manager.py:878} INFO - 
================================================================================
DAG File Processing Stats

File Path                              PID  Runtime      # DAGs    # Errors  Last Runtime    Last Run
-----------------------------------  -----  ---------  --------  ----------  --------------  -------------------
/opt/airflow/dags/train_pipeline.py     74  0.01s             0          -1  0.05s           2025-12-13T19:36:46
================================================================================
[2025-12-13T19:37:16.472+0000] {manager.py:1016} ERROR - Processor for /opt/airflow/dags/train_pipeline.py exited with return code 1.
[2025-12-13T19:37:46.964+0000] {manager.py:878} INFO - 
================================================================================
DAG File Processing Stats

File Path                              PID  Runtime      # DAGs    # Errors  Last Runtime    Last Run
-----------------------------------  -----  ---------  --------  ----------  --------------  -------------------
/opt/airflow/dags/train_pipeline.py     75  0.01s             0          -1  0.04s           2025-12-13T19:37:16
================================================================================
[2025-12-13T19:37:46.983+0000] {manager.py:1016} ERROR - Processor for /opt/airflow/dags/train_pipeline.py exited with return code 1.
[2025-12-13T19:38:17.386+0000] {manager.py:878} INFO - 
================================================================================
DAG File Processing Stats

File Path                              PID  Runtime      # DAGs    # Errors  Last Runtime    Last Run
-----------------------------------  -----  ---------  --------  ----------  --------------  -------------------
/opt/airflow/dags/train_pipeline.py     76  0.01s             0          -1  0.03s           2025-12-13T19:37:46
================================================================================
[2025-12-13T19:38:17.407+0000] {manager.py:1016} ERROR - Processor for /opt/airflow/dags/train_pipeline.py exited with return code 1.
[2025-12-13T19:38:47.800+0000] {manager.py:878} INFO - 
================================================================================
DAG File Processing Stats

File Path                              PID  Runtime      # DAGs    # Errors  Last Runtime    Last Run
-----------------------------------  -----  ---------  --------  ----------  --------------  -------------------
/opt/airflow/dags/train_pipeline.py     77  0.01s             0          -1  0.03s           2025-12-13T19:38:17
================================================================================
[2025-12-13T19:38:47.815+0000] {manager.py:1016} ERROR - Processor for /opt/airflow/dags/train_pipeline.py exited with return code 1.
[2025-12-13T19:39:18.271+0000] {manager.py:878} INFO - 
================================================================================
DAG File Processing Stats

File Path                              PID  Runtime      # DAGs    # Errors  Last Runtime    Last Run
-----------------------------------  -----  ---------  --------  ----------  --------------  -------------------
/opt/airflow/dags/train_pipeline.py     78  0.01s             0          -1  0.02s           2025-12-13T19:38:47
================================================================================
[2025-12-13T19:39:18.292+0000] {manager.py:1016} ERROR - Processor for /opt/airflow/dags/train_pipeline.py exited with return code 1.
[2025-12-13T19:39:48.692+0000] {manager.py:878} INFO - 
================================================================================
DAG File Processing Stats

File Path                              PID  Runtime      # DAGs    # Errors  Last Runtime    Last Run
-----------------------------------  -----  ---------  --------  ----------  --------------  -------------------
/opt/airflow/dags/train_pipeline.py     79  0.01s             0          -1  0.03s           2025-12-13T19:39:18
================================================================================
[2025-12-13T19:39:48.707+0000] {manager.py:1016} ERROR - Processor for /opt/airflow/dags/train_pipeline.py exited with return code 1.
[2025-12-13T19:40:19.119+0000] {manager.py:878} INFO - 
================================================================================
DAG File Processing Stats

File Path                              PID  Runtime      # DAGs    # Errors  Last Runtime    Last Run
-----------------------------------  -----  ---------  --------  ----------  --------------  -------------------
/opt/airflow/dags/train_pipeline.py     80  0.01s             0          -1  0.02s           2025-12-13T19:39:48
================================================================================
[2025-12-13T19:40:19.139+0000] {manager.py:1016} ERROR - Processor for /opt/airflow/dags/train_pipeline.py exited with return code 1.
[2025-12-13T19:40:49.441+0000] {manager.py:878} INFO - 
================================================================================
DAG File Processing Stats

File Path                              PID  Runtime      # DAGs    # Errors  Last Runtime    Last Run
-----------------------------------  -----  ---------  --------  ----------  --------------  -------------------
/opt/airflow/dags/train_pipeline.py     81  0.01s             0          -1  0.03s           2025-12-13T19:40:19
================================================================================
[2025-12-13T19:40:49.455+0000] {manager.py:1016} ERROR - Processor for /opt/airflow/dags/train_pipeline.py exited with return code 1.
[2025-12-13T19:41:19.745+0000] {manager.py:878} INFO - 
================================================================================
DAG File Processing Stats

File Path                              PID  Runtime      # DAGs    # Errors  Last Runtime    Last Run
-----------------------------------  -----  ---------  --------  ----------  --------------  -------------------
/opt/airflow/dags/train_pipeline.py     88  0.01s             0          -1  0.02s           2025-12-13T19:40:49
================================================================================
[2025-12-13T19:41:19.882+0000] {manager.py:1016} ERROR - Processor for /opt/airflow/dags/train_pipeline.py exited with return code 1.
[2025-12-13T19:41:46.068+0000] {manager.py:737} INFO - Searching for files in /opt/airflow/dags
[2025-12-13T19:41:46.106+0000] {manager.py:740} INFO - There are 1 files in /opt/airflow/dags
[2025-12-13T19:41:50.164+0000] {manager.py:878} INFO - 
================================================================================
DAG File Processing Stats

File Path                              PID  Runtime      # DAGs    # Errors  Last Runtime    Last Run
-----------------------------------  -----  ---------  --------  ----------  --------------  -------------------
/opt/airflow/dags/train_pipeline.py    110  0.00s             0          -1  0.15s           2025-12-13T19:41:19
================================================================================
[2025-12-13T19:41:50.182+0000] {manager.py:1016} ERROR - Processor for /opt/airflow/dags/train_pipeline.py exited with return code 1.
[2025-12-13T19:42:20.468+0000] {manager.py:878} INFO - 
================================================================================
DAG File Processing Stats

File Path                              PID  Runtime      # DAGs    # Errors  Last Runtime    Last Run
-----------------------------------  -----  ---------  --------  ----------  --------------  -------------------
/opt/airflow/dags/train_pipeline.py    111  0.01s             0          -1  0.02s           2025-12-13T19:41:50
================================================================================
[2025-12-13T19:42:20.487+0000] {manager.py:1016} ERROR - Processor for /opt/airflow/dags/train_pipeline.py exited with return code 1.
[2025-12-13T19:42:42.731+0000] {manager.py:1016} ERROR - Processor for /opt/airflow/dags/train_pipeline.py exited with return code 1.
[2025-12-13T19:42:43.776+0000] {manager.py:1016} ERROR - Processor for /opt/airflow/dags/train_pipeline.py exited with return code 1.
[2025-12-13T19:42:50.848+0000] {manager.py:878} INFO - 
================================================================================
DAG File Processing Stats

File Path                            PID    Runtime      # DAGs    # Errors  Last Runtime    Last Run
-----------------------------------  -----  ---------  --------  ----------  --------------  -------------------
/opt/airflow/dags/train_pipeline.py                           0          -1  0.03s           2025-12-13T19:42:43
================================================================================
[2025-12-13T19:43:14.126+0000] {manager.py:1016} ERROR - Processor for /opt/airflow/dags/train_pipeline.py exited with return code 1.
[2025-12-13T19:43:21.171+0000] {manager.py:878} INFO - 
================================================================================
DAG File Processing Stats

File Path                            PID    Runtime      # DAGs    # Errors  Last Runtime    Last Run
-----------------------------------  -----  ---------  --------  ----------  --------------  -------------------
/opt/airflow/dags/train_pipeline.py                           0          -1  0.03s           2025-12-13T19:43:14
================================================================================
[2025-12-13T19:43:25.703+0000] {manager.py:452} INFO - Exiting gracefully upon receiving signal 15
[2025-12-13T19:43:42.951+0000] {manager.py:470} INFO - Processing files using up to 2 processes at a time 
[2025-12-13T19:43:42.953+0000] {manager.py:471} INFO - Process each file at most once every 30 seconds
[2025-12-13T19:43:42.954+0000] {manager.py:472} INFO - Checking for new files in /opt/airflow/dags every 300 seconds
[2025-12-13T19:43:42.956+0000] {manager.py:737} INFO - Searching for files in /opt/airflow/dags
[2025-12-13T19:43:42.996+0000] {manager.py:740} INFO - There are 1 files in /opt/airflow/dags
[2025-12-13T19:43:43.096+0000] {manager.py:1016} ERROR - Processor for /opt/airflow/dags/train_pipeline.py exited with return code 1.
[2025-12-13T19:43:43.100+0000] {manager.py:878} INFO - 
================================================================================
DAG File Processing Stats

File Path                            PID    Runtime      # DAGs    # Errors  Last Runtime    Last Run
-----------------------------------  -----  ---------  --------  ----------  --------------  -------------------
/opt/airflow/dags/train_pipeline.py                           0          -1  0.04s           2025-12-13T19:43:43
================================================================================
[2025-12-13T19:44:13.353+0000] {manager.py:878} INFO - 
================================================================================
DAG File Processing Stats

File Path                              PID  Runtime      # DAGs    # Errors  Last Runtime    Last Run
-----------------------------------  -----  ---------  --------  ----------  --------------  -------------------
/opt/airflow/dags/train_pipeline.py     48  0.01s             0          -1  0.04s           2025-12-13T19:43:43
================================================================================
[2025-12-13T19:44:13.374+0000] {manager.py:1016} ERROR - Processor for /opt/airflow/dags/train_pipeline.py exited with return code 1.
[2025-12-13T19:44:43.694+0000] {manager.py:878} INFO - 
================================================================================
DAG File Processing Stats

File Path                              PID  Runtime      # DAGs    # Errors  Last Runtime    Last Run
-----------------------------------  -----  ---------  --------  ----------  --------------  -------------------
/opt/airflow/dags/train_pipeline.py     55  0.00s             0          -1  0.03s           2025-12-13T19:44:13
================================================================================
[2025-12-13T19:44:43.708+0000] {manager.py:1016} ERROR - Processor for /opt/airflow/dags/train_pipeline.py exited with return code 1.
[2025-12-13T19:45:13.989+0000] {manager.py:878} INFO - 
================================================================================
DAG File Processing Stats

File Path                              PID  Runtime      # DAGs    # Errors  Last Runtime    Last Run
-----------------------------------  -----  ---------  --------  ----------  --------------  -------------------
/opt/airflow/dags/train_pipeline.py     56  0.01s             0          -1  0.02s           2025-12-13T19:44:43
================================================================================
[2025-12-13T19:45:14.006+0000] {manager.py:1016} ERROR - Processor for /opt/airflow/dags/train_pipeline.py exited with return code 1.
[2025-12-13T19:45:44.329+0000] {manager.py:878} INFO - 
================================================================================
DAG File Processing Stats

File Path                              PID  Runtime      # DAGs    # Errors  Last Runtime    Last Run
-----------------------------------  -----  ---------  --------  ----------  --------------  -------------------
/opt/airflow/dags/train_pipeline.py     57  0.00s             0          -1  0.02s           2025-12-13T19:45:14
================================================================================
[2025-12-13T19:45:44.348+0000] {manager.py:1016} ERROR - Processor for /opt/airflow/dags/train_pipeline.py exited with return code 1.
[2025-12-13T19:46:14.633+0000] {manager.py:878} INFO - 
================================================================================
DAG File Processing Stats

File Path                              PID  Runtime      # DAGs    # Errors  Last Runtime    Last Run
-----------------------------------  -----  ---------  --------  ----------  --------------  -------------------
/opt/airflow/dags/train_pipeline.py     58  0.00s             0          -1  0.03s           2025-12-13T19:45:44
================================================================================
[2025-12-13T19:46:14.645+0000] {manager.py:1016} ERROR - Processor for /opt/airflow/dags/train_pipeline.py exited with return code 1.
[2025-12-13T19:46:44.951+0000] {manager.py:878} INFO - 
================================================================================
DAG File Processing Stats

File Path                              PID  Runtime      # DAGs    # Errors  Last Runtime    Last Run
-----------------------------------  -----  ---------  --------  ----------  --------------  -------------------
/opt/airflow/dags/train_pipeline.py     59  0.01s             0          -1  0.02s           2025-12-13T19:46:14
================================================================================
[2025-12-13T19:46:44.982+0000] {manager.py:1016} ERROR - Processor for /opt/airflow/dags/train_pipeline.py exited with return code 1.
[2025-12-13T19:47:15.323+0000] {manager.py:878} INFO - 
================================================================================
DAG File Processing Stats

File Path                              PID  Runtime      # DAGs    # Errors  Last Runtime    Last Run
-----------------------------------  -----  ---------  --------  ----------  --------------  -------------------
/opt/airflow/dags/train_pipeline.py     60  0.01s             0          -1  0.05s           2025-12-13T19:46:44
================================================================================
[2025-12-13T19:47:15.344+0000] {manager.py:1016} ERROR - Processor for /opt/airflow/dags/train_pipeline.py exited with return code 1.
[2025-12-13T19:47:45.592+0000] {manager.py:878} INFO - 
================================================================================
DAG File Processing Stats

File Path                              PID  Runtime      # DAGs    # Errors  Last Runtime    Last Run
-----------------------------------  -----  ---------  --------  ----------  --------------  -------------------
/opt/airflow/dags/train_pipeline.py     61  0.01s             0          -1  0.03s           2025-12-13T19:47:15
================================================================================
[2025-12-13T19:47:45.608+0000] {manager.py:1016} ERROR - Processor for /opt/airflow/dags/train_pipeline.py exited with return code 1.
[2025-12-13T19:48:15.968+0000] {manager.py:878} INFO - 
================================================================================
DAG File Processing Stats

File Path                              PID  Runtime      # DAGs    # Errors  Last Runtime    Last Run
-----------------------------------  -----  ---------  --------  ----------  --------------  -------------------
/opt/airflow/dags/train_pipeline.py     62  0.00s             0          -1  0.02s           2025-12-13T19:47:45
================================================================================
[2025-12-13T19:48:15.982+0000] {manager.py:1016} ERROR - Processor for /opt/airflow/dags/train_pipeline.py exited with return code 1.
[2025-12-13T19:48:43.291+0000] {manager.py:737} INFO - Searching for files in /opt/airflow/dags
[2025-12-13T19:48:43.339+0000] {manager.py:740} INFO - There are 1 files in /opt/airflow/dags
[2025-12-13T19:48:46.418+0000] {manager.py:878} INFO - 
================================================================================
DAG File Processing Stats

File Path                              PID  Runtime      # DAGs    # Errors  Last Runtime    Last Run
-----------------------------------  -----  ---------  --------  ----------  --------------  -------------------
/opt/airflow/dags/train_pipeline.py     63  0.01s             0          -1  0.02s           2025-12-13T19:48:15
================================================================================
[2025-12-13T19:48:46.436+0000] {manager.py:1016} ERROR - Processor for /opt/airflow/dags/train_pipeline.py exited with return code 1.
[2025-12-13T19:49:16.787+0000] {manager.py:878} INFO - 
================================================================================
DAG File Processing Stats

File Path                              PID  Runtime      # DAGs    # Errors  Last Runtime    Last Run
-----------------------------------  -----  ---------  --------  ----------  --------------  -------------------
/opt/airflow/dags/train_pipeline.py     64  0.01s             0          -1  0.03s           2025-12-13T19:48:46
================================================================================
[2025-12-13T19:49:16.806+0000] {manager.py:1016} ERROR - Processor for /opt/airflow/dags/train_pipeline.py exited with return code 1.
[2025-12-13T19:49:47.156+0000] {manager.py:878} INFO - 
================================================================================
DAG File Processing Stats

File Path                              PID  Runtime      # DAGs    # Errors  Last Runtime    Last Run
-----------------------------------  -----  ---------  --------  ----------  --------------  -------------------
/opt/airflow/dags/train_pipeline.py     65  0.01s             0          -1  0.03s           2025-12-13T19:49:16
================================================================================
[2025-12-13T19:49:47.180+0000] {manager.py:1016} ERROR - Processor for /opt/airflow/dags/train_pipeline.py exited with return code 1.
[2025-12-13T19:50:17.518+0000] {manager.py:878} INFO - 
================================================================================
DAG File Processing Stats

File Path                              PID  Runtime      # DAGs    # Errors  Last Runtime    Last Run
-----------------------------------  -----  ---------  --------  ----------  --------------  -------------------
/opt/airflow/dags/train_pipeline.py     66  0.01s             0          -1  0.03s           2025-12-13T19:49:47
================================================================================
[2025-12-13T19:50:17.536+0000] {manager.py:1016} ERROR - Processor for /opt/airflow/dags/train_pipeline.py exited with return code 1.
[2025-12-13T19:50:47.925+0000] {manager.py:878} INFO - 
================================================================================
DAG File Processing Stats

File Path                              PID  Runtime      # DAGs    # Errors  Last Runtime    Last Run
-----------------------------------  -----  ---------  --------  ----------  --------------  -------------------
/opt/airflow/dags/train_pipeline.py     67  0.01s             0          -1  0.03s           2025-12-13T19:50:17
================================================================================
[2025-12-13T19:50:47.940+0000] {manager.py:1016} ERROR - Processor for /opt/airflow/dags/train_pipeline.py exited with return code 1.
[2025-12-13T19:51:18.305+0000] {manager.py:878} INFO - 
================================================================================
DAG File Processing Stats

File Path                              PID  Runtime      # DAGs    # Errors  Last Runtime    Last Run
-----------------------------------  -----  ---------  --------  ----------  --------------  -------------------
/opt/airflow/dags/train_pipeline.py     68  0.01s             0          -1  0.02s           2025-12-13T19:50:47
================================================================================
[2025-12-13T19:51:18.325+0000] {manager.py:1016} ERROR - Processor for /opt/airflow/dags/train_pipeline.py exited with return code 1.
[2025-12-13T19:51:48.628+0000] {manager.py:878} INFO - 
================================================================================
DAG File Processing Stats

File Path                              PID  Runtime      # DAGs    # Errors  Last Runtime    Last Run
-----------------------------------  -----  ---------  --------  ----------  --------------  -------------------
/opt/airflow/dags/train_pipeline.py     75  0.01s             0          -1  0.03s           2025-12-13T19:51:18
================================================================================
[2025-12-13T19:51:48.643+0000] {manager.py:1016} ERROR - Processor for /opt/airflow/dags/train_pipeline.py exited with return code 1.
[2025-12-13T19:52:18.884+0000] {manager.py:878} INFO - 
================================================================================
DAG File Processing Stats

File Path                              PID  Runtime      # DAGs    # Errors  Last Runtime    Last Run
-----------------------------------  -----  ---------  --------  ----------  --------------  -------------------
/opt/airflow/dags/train_pipeline.py     76  0.01s             0          -1  0.02s           2025-12-13T19:51:48
================================================================================
[2025-12-13T19:52:18.902+0000] {manager.py:1016} ERROR - Processor for /opt/airflow/dags/train_pipeline.py exited with return code 1.
[2025-12-13T19:52:49.243+0000] {manager.py:878} INFO - 
================================================================================
DAG File Processing Stats

File Path                              PID  Runtime      # DAGs    # Errors  Last Runtime    Last Run
-----------------------------------  -----  ---------  --------  ----------  --------------  -------------------
/opt/airflow/dags/train_pipeline.py     77  0.01s             0          -1  0.03s           2025-12-13T19:52:18
================================================================================
[2025-12-13T19:52:49.261+0000] {manager.py:1016} ERROR - Processor for /opt/airflow/dags/train_pipeline.py exited with return code 1.
[2025-12-13T19:53:19.543+0000] {manager.py:878} INFO - 
================================================================================
DAG File Processing Stats

File Path                              PID  Runtime      # DAGs    # Errors  Last Runtime    Last Run
-----------------------------------  -----  ---------  --------  ----------  --------------  -------------------
/opt/airflow/dags/train_pipeline.py     78  0.01s             0          -1  0.02s           2025-12-13T19:52:49
================================================================================
[2025-12-13T19:53:19.560+0000] {manager.py:1016} ERROR - Processor for /opt/airflow/dags/train_pipeline.py exited with return code 1.
[2025-12-13T19:53:43.798+0000] {manager.py:737} INFO - Searching for files in /opt/airflow/dags
[2025-12-13T19:53:43.923+0000] {manager.py:740} INFO - There are 1 files in /opt/airflow/dags
[2025-12-13T19:53:50.037+0000] {manager.py:878} INFO - 
================================================================================
DAG File Processing Stats

File Path                              PID  Runtime      # DAGs    # Errors  Last Runtime    Last Run
-----------------------------------  -----  ---------  --------  ----------  --------------  -------------------
/opt/airflow/dags/train_pipeline.py     79  0.01s             0          -1  0.02s           2025-12-13T19:53:19
================================================================================
[2025-12-13T19:53:50.055+0000] {manager.py:1016} ERROR - Processor for /opt/airflow/dags/train_pipeline.py exited with return code 1.
[2025-12-13T19:54:20.478+0000] {manager.py:878} INFO - 
================================================================================
DAG File Processing Stats

File Path                              PID  Runtime      # DAGs    # Errors  Last Runtime    Last Run
-----------------------------------  -----  ---------  --------  ----------  --------------  -------------------
/opt/airflow/dags/train_pipeline.py     80  0.02s             0          -1  0.03s           2025-12-13T19:53:50
================================================================================
[2025-12-13T19:54:20.521+0000] {manager.py:1016} ERROR - Processor for /opt/airflow/dags/train_pipeline.py exited with return code 1.
[2025-12-13T19:54:51.086+0000] {manager.py:878} INFO - 
================================================================================
DAG File Processing Stats

File Path                              PID  Runtime      # DAGs    # Errors  Last Runtime    Last Run
-----------------------------------  -----  ---------  --------  ----------  --------------  -------------------
/opt/airflow/dags/train_pipeline.py     81  0.01s             0          -1  0.06s           2025-12-13T19:54:20
================================================================================
[2025-12-13T19:54:51.130+0000] {manager.py:1016} ERROR - Processor for /opt/airflow/dags/train_pipeline.py exited with return code 1.
[2025-12-13T19:55:21.569+0000] {manager.py:878} INFO - 
================================================================================
DAG File Processing Stats

File Path                              PID  Runtime      # DAGs    # Errors  Last Runtime    Last Run
-----------------------------------  -----  ---------  --------  ----------  --------------  -------------------
/opt/airflow/dags/train_pipeline.py     82  0.01s             0          -1  0.06s           2025-12-13T19:54:51
================================================================================
[2025-12-13T19:55:21.601+0000] {manager.py:1016} ERROR - Processor for /opt/airflow/dags/train_pipeline.py exited with return code 1.
[2025-12-13T19:55:52.057+0000] {manager.py:878} INFO - 
================================================================================
DAG File Processing Stats

File Path                              PID  Runtime      # DAGs    # Errors  Last Runtime    Last Run
-----------------------------------  -----  ---------  --------  ----------  --------------  -------------------
/opt/airflow/dags/train_pipeline.py     83  0.02s             0          -1  0.05s           2025-12-13T19:55:21
================================================================================
[2025-12-13T19:55:52.096+0000] {manager.py:1016} ERROR - Processor for /opt/airflow/dags/train_pipeline.py exited with return code 1.
